android/app/build/intermediates/manifest_merge_blame_file/debug/manifest-merger-blame-debug-report.txt
1<?xml version="1.0" encoding="utf-8"?>
2<manifest xmlns:android="http://schemas.android.com/apk/res/android"
3    package="com.vidupapp"
4    android:versionCode="1"
5    android:versionName="1.0" >
6
7    <uses-sdk
8        android:minSdkVersion="24"
9        android:targetSdkVersion="29" />
10
11    <uses-permission android:name="android.permission.SYSTEM_ALERT_WINDOW" />
11-->src/debug/AndroidManifest.xml:5:5-77
11-->src/debug/AndroidManifest.xml:5:22-75
12    <uses-permission android:name="android.permission.INTERNET" /> <!-- Required -->
12-->src/main/AndroidManifest.xml:4:5-67
12-->src/main/AndroidManifest.xml:4:22-64
13    <uses-permission android:name="android.permission.CAMERA" /> <!-- Include this only if you are planning to use the camera roll -->
13-->src/main/AndroidManifest.xml:6:5-65
13-->src/main/AndroidManifest.xml:6:22-62
14    <uses-permission android:name="android.permission.READ_EXTERNAL_STORAGE" />
14-->src/main/AndroidManifest.xml:9:5-80
14-->src/main/AndroidManifest.xml:9:22-77
15    <uses-permission android:name="android.permission.WRITE_EXTERNAL_STORAGE" /> <!-- Include this only if you are planning to use the microphone for video recording -->
15-->src/main/AndroidManifest.xml:10:5-81
15-->src/main/AndroidManifest.xml:10:22-78
16    <uses-permission android:name="android.permission.RECORD_AUDIO" />
16-->src/main/AndroidManifest.xml:13:5-70
16-->src/main/AndroidManifest.xml:13:22-68
17
18    <uses-feature
18-->[:react-native-camera] AndroidManifest.xml:11:5-13:36
19        android:name="android.hardware.camera"
19-->[:react-native-camera] AndroidManifest.xml:12:9-47
20        android:required="false" />
20-->[:react-native-camera] AndroidManifest.xml:13:9-33
21    <uses-feature
21-->[:react-native-camera] AndroidManifest.xml:14:5-16:36
22        android:name="android.hardware.camera.autofocus"
22-->[:react-native-camera] AndroidManifest.xml:15:9-57
23        android:required="false" />
23-->[:react-native-camera] AndroidManifest.xml:16:9-33
24
25    <uses-permission android:name="android.permission.QUERY_ALL_PACKAGES" />
25-->[:react-native-inappbrowser-reborn] AndroidManifest.xml:12:5-77
25-->[:react-native-inappbrowser-reborn] AndroidManifest.xml:12:22-74
26
27    <queries>
27-->[:react-native-inappbrowser-reborn] AndroidManifest.xml:14:5-18:15
28        <intent>
28-->[:react-native-inappbrowser-reborn] AndroidManifest.xml:15:9-17:18
29            <action android:name="android.support.customtabs.action.CustomTabsService" />
29-->[:react-native-inappbrowser-reborn] AndroidManifest.xml:16:13-90
29-->[:react-native-inappbrowser-reborn] AndroidManifest.xml:16:21-87
30        </intent>
31        <intent>
31-->[:react-native-inappbrowser-reborn] AndroidManifest.xml:15:9-17:18
32            <action android:name="android.media.action.IMAGE_CAPTURE" />
33        </intent>
34    </queries>
35
36    <uses-permission android:name="android.permission.ACCESS_WIFI_STATE" />
36-->[com.facebook.flipper:flipper:0.54.0] AndroidManifest.xml:16:5-76
36-->[com.facebook.flipper:flipper:0.54.0] AndroidManifest.xml:16:22-73
37    <uses-permission android:name="android.permission.ACCESS_NETWORK_STATE" />
37-->[:react-native-community_netinfo] AndroidManifest.xml:9:5-79
37-->[:react-native-community_netinfo] AndroidManifest.xml:9:22-76
38    <uses-permission android:name="android.permission.WAKE_LOCK" /> <!-- Required to access Google Play Licensing -->
38-->[:react-native-firebase_messaging] AndroidManifest.xml:12:5-68
38-->[:react-native-firebase_messaging] AndroidManifest.xml:12:22-65
39    <uses-permission android:name="com.android.vending.CHECK_LICENSE" />
39-->[:rn-fetch-blob] AndroidManifest.xml:12:5-73
39-->[:rn-fetch-blob] AndroidManifest.xml:12:22-70
40    <uses-permission android:name="android.permission.RECEIVE_BOOT_COMPLETED" />
40-->[androidx.work:work-runtime:2.5.0] AndroidManifest.xml:27:5-81
40-->[androidx.work:work-runtime:2.5.0] AndroidManifest.xml:27:22-78
41    <uses-permission android:name="android.permission.FOREGROUND_SERVICE" /> <!-- Required by older versions of Google Play services to create IID tokens -->
41-->[androidx.work:work-runtime:2.5.0] AndroidManifest.xml:28:5-77
41-->[androidx.work:work-runtime:2.5.0] AndroidManifest.xml:28:22-74
42    <uses-permission android:name="com.google.android.c2dm.permission.RECEIVE" />
42-->[com.google.firebase:firebase-messaging:23.0.0] AndroidManifest.xml:25:5-82
42-->[com.google.firebase:firebase-messaging:23.0.0] AndroidManifest.xml:25:22-79
43    <uses-permission android:name="com.google.android.finsky.permission.BIND_GET_INSTALL_REFERRER_SERVICE" />
43-->[com.google.android.gms:play-services-measurement:20.0.0] AndroidManifest.xml:26:5-110
43-->[com.google.android.gms:play-services-measurement:20.0.0] AndroidManifest.xml:26:22-107
44    <uses-permission android:name="android.permission.VIBRATE" />
44-->[app.notifee:core:202108261754] AndroidManifest.xml:12:5-66
44-->[app.notifee:core:202108261754] AndroidManifest.xml:12:22-63
45    <uses-permission android:name="android.permission.USE_FULL_SCREEN_INTENT" />
45-->[app.notifee:core:202108261754] AndroidManifest.xml:15:5-81
45-->[app.notifee:core:202108261754] AndroidManifest.xml:15:22-78
46
47    <application
47-->src/main/AndroidManifest.xml:15:5-71:19
48        android:name="com.vidupapp.MainApplication"
48-->src/main/AndroidManifest.xml:16:7-38
49        android:allowBackup="false"
49-->src/main/AndroidManifest.xml:21:7-34
50        android:appComponentFactory="androidx.core.app.CoreComponentFactory"
50-->[androidx.core:core:1.3.2] AndroidManifest.xml:24:18-86
51        android:debuggable="true"
52        android:exported="true"
52-->src/main/AndroidManifest.xml:17:9-32
53        android:extractNativeLibs="false"
54        android:icon="@mipmap/ic_launcher"
54-->src/main/AndroidManifest.xml:19:7-41
55        android:label="@string/app_name"
55-->src/main/AndroidManifest.xml:18:7-39
56        android:roundIcon="@mipmap/ic_launcher_round"
56-->src/main/AndroidManifest.xml:20:7-52
57        android:supportsRtl="true"
57-->[com.facebook.android:facebook-android-sdk:8.2.0] AndroidManifest.xml:28:18-44
58        android:testOnly="true"
59        android:theme="@style/AppTheme"
59-->src/main/AndroidManifest.xml:23:7-38
60        android:usesCleartextTraffic="true" >
60-->src/main/AndroidManifest.xml:22:7-42
61        <meta-data
61-->src/main/AndroidManifest.xml:24:7-25:50
62            android:name="com.facebook.sdk.ApplicationId"
62-->src/main/AndroidManifest.xml:24:18-63
63            android:value="@string/facebook_app_id" />
63-->src/main/AndroidManifest.xml:25:9-48
64
65        <activity
65-->src/main/AndroidManifest.xml:27:5-31:34
66            android:name="com.facebook.FacebookActivity"
66-->src/main/AndroidManifest.xml:27:15-59
67            android:configChanges="keyboard|keyboardHidden|screenLayout|screenSize|orientation"
67-->src/main/AndroidManifest.xml:28:9-109
68            android:exported="true"
68-->src/main/AndroidManifest.xml:31:9-32
69            android:label="@string/app_name"
69-->src/main/AndroidManifest.xml:30:9-41
70            android:theme="@style/com_facebook_activity_theme" />
70-->[com.facebook.android:facebook-common:8.2.0] AndroidManifest.xml:33:13-63
71        <activity
71-->src/main/AndroidManifest.xml:32:5-41:16
72            android:name="com.facebook.CustomTabActivity"
72-->src/main/AndroidManifest.xml:33:9-54
73            android:exported="true" >
73-->src/main/AndroidManifest.xml:34:9-32
74            <intent-filter>
74-->src/main/AndroidManifest.xml:35:9-40:25
75                <action android:name="android.intent.action.VIEW" />
75-->src/main/AndroidManifest.xml:36:13-65
75-->src/main/AndroidManifest.xml:36:21-62
76
77                <category android:name="android.intent.category.DEFAULT" />
77-->src/main/AndroidManifest.xml:37:13-72
77-->src/main/AndroidManifest.xml:37:23-69
78                <category android:name="android.intent.category.BROWSABLE" />
78-->src/main/AndroidManifest.xml:38:13-74
78-->src/main/AndroidManifest.xml:38:23-71
79
80                <data android:scheme="@string/fb_login_protocol_scheme" />
80-->src/main/AndroidManifest.xml:39:13-71
80-->src/main/AndroidManifest.xml:39:19-68
81            </intent-filter>
82            <intent-filter>
82-->[com.facebook.android:facebook-common:8.2.0] AndroidManifest.xml:39:13-48:29
83                <action android:name="android.intent.action.VIEW" />
83-->src/main/AndroidManifest.xml:36:13-65
83-->src/main/AndroidManifest.xml:36:21-62
84
85                <category android:name="android.intent.category.DEFAULT" />
85-->src/main/AndroidManifest.xml:37:13-72
85-->src/main/AndroidManifest.xml:37:23-69
86                <category android:name="android.intent.category.BROWSABLE" />
86-->src/main/AndroidManifest.xml:38:13-74
86-->src/main/AndroidManifest.xml:38:23-71
87
88                <data
88-->src/main/AndroidManifest.xml:39:13-71
89                    android:host="cct.com.vidupapp"
90                    android:scheme="fbconnect" />
90-->src/main/AndroidManifest.xml:39:19-68
91            </intent-filter>
92        </activity>
93        <activity
93-->src/main/AndroidManifest.xml:42:7-51:20
94            android:name="com.vidupapp.SplashActivity"
94-->src/main/AndroidManifest.xml:43:13-43
95            android:launchMode="singleTask"
95-->src/main/AndroidManifest.xml:46:13-44
96            android:screenOrientation="portrait"
96-->src/main/AndroidManifest.xml:44:11-47
97            android:theme="@style/BootTheme" >
97-->src/main/AndroidManifest.xml:45:13-45
98            <intent-filter>
98-->src/main/AndroidManifest.xml:47:13-50:29
99                <action android:name="android.intent.action.MAIN" />
99-->src/main/AndroidManifest.xml:48:17-69
99-->src/main/AndroidManifest.xml:48:25-66
100
101                <category android:name="android.intent.category.LAUNCHER" />
101-->src/main/AndroidManifest.xml:49:17-77
101-->src/main/AndroidManifest.xml:49:27-74
102            </intent-filter>
103        </activity>
104        <activity
104-->src/main/AndroidManifest.xml:52:7-59:34
105            android:name="com.vidupapp.MainActivity"
105-->src/main/AndroidManifest.xml:53:9-37
106            android:configChanges="keyboard|keyboardHidden|orientation|screenSize|uiMode"
106-->src/main/AndroidManifest.xml:56:9-86
107            android:exported="true"
107-->src/main/AndroidManifest.xml:59:9-32
108            android:label="@string/app_name"
108-->src/main/AndroidManifest.xml:55:9-41
109            android:launchMode="singleTask"
109-->src/main/AndroidManifest.xml:57:9-40
110            android:screenOrientation="portrait"
110-->src/main/AndroidManifest.xml:54:11-47
111            android:windowSoftInputMode="adjustResize" /> <!-- <intent-filter> -->
111-->src/main/AndroidManifest.xml:58:9-51
112        <!-- <action android:name="android.intent.action.VIEW" /> -->
113        <!-- <category android:name="android.intent.category.DEFAULT" /> -->
114        <!-- <category android:name="android.intent.category.BROWSABLE" /> -->
115        <!-- <data -->
116        <!-- android:host="app" -->
117        <!-- android:scheme="vidupApp" /> -->
118        <!-- </intent-filter> -->
119        <!-- </activity> -->
120        <activity android:name="com.facebook.react.devsupport.DevSettingsActivity" />
120-->src/main/AndroidManifest.xml:70:9-86
120-->src/main/AndroidManifest.xml:70:19-83
121
122        <provider
122-->[:react-native-webview] AndroidManifest.xml:12:9-20:20
123            android:name="com.reactnativecommunity.webview.RNCWebViewFileProvider"
123-->[:react-native-webview] AndroidManifest.xml:13:13-83
124            android:authorities="com.vidupapp.fileprovider"
124-->[:react-native-webview] AndroidManifest.xml:14:13-64
125            android:exported="false"
125-->[:react-native-webview] AndroidManifest.xml:15:13-37
126            android:grantUriPermissions="true" >
126-->[:react-native-webview] AndroidManifest.xml:16:13-47
127            <meta-data
127-->[:react-native-webview] AndroidManifest.xml:17:13-19:63
128                android:name="android.support.FILE_PROVIDER_PATHS"
128-->[:react-native-webview] AndroidManifest.xml:18:17-67
129                android:resource="@xml/file_provider_paths" />
129-->[:react-native-webview] AndroidManifest.xml:19:17-60
130        </provider>
131
132        <activity android:name="com.proyecto26.inappbrowser.ChromeTabsManagerActivity" >
132-->[:react-native-inappbrowser-reborn] AndroidManifest.xml:21:9-22:20
132-->[:react-native-inappbrowser-reborn] AndroidManifest.xml:21:19-87
133        </activity>
134
135        <provider
135-->[:notifee_react-native] AndroidManifest.xml:12:9-16:40
136            android:name="io.invertase.notifee.NotifeeInitProvider"
136-->[:notifee_react-native] AndroidManifest.xml:13:13-68
137            android:authorities="com.vidupapp.notifee-init-provider"
137-->[:notifee_react-native] AndroidManifest.xml:14:13-73
138            android:exported="false"
138-->[:notifee_react-native] AndroidManifest.xml:15:13-37
139            android:initOrder="-100" />
139-->[:notifee_react-native] AndroidManifest.xml:16:13-37
140
141        <service android:name="io.invertase.firebase.messaging.ReactNativeFirebaseMessagingHeadlessService" />
141-->[:react-native-firebase_messaging] AndroidManifest.xml:16:9-111
141-->[:react-native-firebase_messaging] AndroidManifest.xml:16:18-108
142        <service
142-->[:react-native-firebase_messaging] AndroidManifest.xml:17:9-23:19
143            android:name="io.invertase.firebase.messaging.ReactNativeFirebaseMessagingService"
143-->[:react-native-firebase_messaging] AndroidManifest.xml:18:13-95
144            android:exported="false" >
144-->[:react-native-firebase_messaging] AndroidManifest.xml:19:13-37
145            <intent-filter>
145-->[:react-native-firebase_messaging] AndroidManifest.xml:20:13-22:29
146                <action android:name="com.google.firebase.MESSAGING_EVENT" />
146-->[:react-native-firebase_messaging] AndroidManifest.xml:21:17-78
146-->[:react-native-firebase_messaging] AndroidManifest.xml:21:25-75
147            </intent-filter>
148        </service>
149
150        <receiver
150-->[:react-native-firebase_messaging] AndroidManifest.xml:25:9-32:20
151            android:name="io.invertase.firebase.messaging.ReactNativeFirebaseMessagingReceiver"
151-->[:react-native-firebase_messaging] AndroidManifest.xml:26:13-96
152            android:exported="true"
152-->[:react-native-firebase_messaging] AndroidManifest.xml:27:13-36
153            android:permission="com.google.android.c2dm.permission.SEND" >
153-->[:react-native-firebase_messaging] AndroidManifest.xml:28:13-73
154            <intent-filter>
154-->[:react-native-firebase_messaging] AndroidManifest.xml:29:13-31:29
155                <action android:name="com.google.android.c2dm.intent.RECEIVE" />
155-->[:react-native-firebase_messaging] AndroidManifest.xml:30:17-81
155-->[:react-native-firebase_messaging] AndroidManifest.xml:30:25-78
156            </intent-filter>
157        </receiver>
158
159        <meta-data
159-->[:react-native-firebase_messaging] AndroidManifest.xml:34:9-36:36
160            android:name="firebase_messaging_auto_init_enabled"
160-->[:react-native-firebase_messaging] AndroidManifest.xml:35:13-64
161            android:value="true" />
161-->[:react-native-firebase_messaging] AndroidManifest.xml:36:13-33
162        <meta-data
162-->[:react-native-firebase_messaging] AndroidManifest.xml:37:9-39:32
163            android:name="com.google.firebase.messaging.default_notification_channel_id"
163-->[:react-native-firebase_messaging] AndroidManifest.xml:38:13-89
164            android:value="" />
164-->[:react-native-firebase_messaging] AndroidManifest.xml:39:13-29
165        <meta-data
165-->[:react-native-firebase_messaging] AndroidManifest.xml:40:9-42:47
166            android:name="com.google.firebase.messaging.default_notification_color"
166-->[:react-native-firebase_messaging] AndroidManifest.xml:41:13-84
167            android:resource="@color/white" />
167-->[:react-native-firebase_messaging] AndroidManifest.xml:42:13-44
168        <meta-data
168-->[:react-native-firebase_app] AndroidManifest.xml:12:9-14:36
169            android:name="app_data_collection_default_enabled"
169-->[:react-native-firebase_app] AndroidManifest.xml:13:13-63
170            android:value="true" />
170-->[:react-native-firebase_app] AndroidManifest.xml:14:13-33
171
172        <service
172-->[:react-native-firebase_app] AndroidManifest.xml:16:9-20:19
173            android:name="com.google.firebase.components.ComponentDiscoveryService"
173-->[:react-native-firebase_app] AndroidManifest.xml:16:18-89
174            android:directBootAware="true"
174-->[com.google.firebase:firebase-common:20.0.0] AndroidManifest.xml:35:13-43
175            android:exported="false" >
175-->[com.google.firebase:firebase-messaging:23.0.0] AndroidManifest.xml:51:13-37
176            <meta-data
176-->[:react-native-firebase_app] AndroidManifest.xml:17:13-19:85
177                android:name="com.google.firebase.components:io.invertase.firebase.app.ReactNativeFirebaseAppRegistrar"
177-->[:react-native-firebase_app] AndroidManifest.xml:18:17-120
178                android:value="com.google.firebase.components.ComponentRegistrar" />
178-->[:react-native-firebase_app] AndroidManifest.xml:19:17-82
179            <meta-data
179-->[com.google.firebase:firebase-messaging:23.0.0] AndroidManifest.xml:52:13-54:85
180                android:name="com.google.firebase.components:com.google.firebase.messaging.FirebaseMessagingRegistrar"
180-->[com.google.firebase:firebase-messaging:23.0.0] AndroidManifest.xml:53:17-119
181                android:value="com.google.firebase.components.ComponentRegistrar" />
181-->[com.google.firebase:firebase-messaging:23.0.0] AndroidManifest.xml:54:17-82
182            <meta-data
182-->[com.google.android.gms:play-services-measurement-api:20.0.0] AndroidManifest.xml:30:13-32:85
183                android:name="com.google.firebase.components:com.google.firebase.analytics.connector.internal.AnalyticsConnectorRegistrar"
183-->[com.google.android.gms:play-services-measurement-api:20.0.0] AndroidManifest.xml:31:17-139
184                android:value="com.google.firebase.components.ComponentRegistrar" />
184-->[com.google.android.gms:play-services-measurement-api:20.0.0] AndroidManifest.xml:32:17-82
185            <meta-data
185-->[com.google.firebase:firebase-datatransport:18.0.0] AndroidManifest.xml:28:13-30:85
186                android:name="com.google.firebase.components:com.google.firebase.datatransport.TransportRegistrar"
186-->[com.google.firebase:firebase-datatransport:18.0.0] AndroidManifest.xml:29:17-115
187                android:value="com.google.firebase.components.ComponentRegistrar" />
187-->[com.google.firebase:firebase-datatransport:18.0.0] AndroidManifest.xml:30:17-82
188            <meta-data
188-->[com.google.firebase:firebase-installations:17.0.0] AndroidManifest.xml:18:13-20:85
189                android:name="com.google.firebase.components:com.google.firebase.installations.FirebaseInstallationsRegistrar"
189-->[com.google.firebase:firebase-installations:17.0.0] AndroidManifest.xml:19:17-127
190                android:value="com.google.firebase.components.ComponentRegistrar" />
190-->[com.google.firebase:firebase-installations:17.0.0] AndroidManifest.xml:20:17-82
191        </service>
192
193        <provider
193-->[:react-native-firebase_app] AndroidManifest.xml:22:9-26:38
194            android:name="io.invertase.firebase.app.ReactNativeFirebaseAppInitProvider"
194-->[:react-native-firebase_app] AndroidManifest.xml:23:13-88
195            android:authorities="com.vidupapp.reactnativefirebaseappinitprovider"
195-->[:react-native-firebase_app] AndroidManifest.xml:24:13-86
196            android:exported="false"
196-->[:react-native-firebase_app] AndroidManifest.xml:25:13-37
197            android:initOrder="99" />
197-->[:react-native-firebase_app] AndroidManifest.xml:26:13-35
198        <provider
198-->[:react-native-image-crop-picker] AndroidManifest.xml:19:9-27:20
199            android:name="androidx.core.content.FileProvider"
199-->[:react-native-image-crop-picker] AndroidManifest.xml:20:13-62
200            android:authorities="com.vidupapp.provider"
200-->[:react-native-image-crop-picker] AndroidManifest.xml:21:13-60
201            android:exported="false"
201-->[:react-native-image-crop-picker] AndroidManifest.xml:22:13-37
202            android:grantUriPermissions="true" >
202-->[:react-native-image-crop-picker] AndroidManifest.xml:23:13-47
203            <meta-data
203-->[:react-native-webview] AndroidManifest.xml:17:13-19:63
204                android:name="android.support.FILE_PROVIDER_PATHS"
204-->[:react-native-webview] AndroidManifest.xml:18:17-67
205                android:resource="@xml/provider_paths" />
205-->[:react-native-webview] AndroidManifest.xml:19:17-60
206        </provider>
207
208        <activity
208-->[:react-native-image-crop-picker] AndroidManifest.xml:29:9-31:72
209            android:name="com.yalantis.ucrop.UCropActivity"
209-->[:react-native-image-crop-picker] AndroidManifest.xml:30:13-60
210            android:theme="@style/Theme.AppCompat.Light.NoActionBar" />
210-->[:react-native-image-crop-picker] AndroidManifest.xml:31:13-69
211
212        <provider
212-->[:react-native-share] AndroidManifest.xml:10:9-18:20
213            android:name="cl.json.RNShareFileProvider"
213-->[:react-native-share] AndroidManifest.xml:11:13-55
214            android:authorities="com.vidupapp.rnshare.fileprovider"
214-->[:react-native-share] AndroidManifest.xml:12:13-72
215            android:exported="false"
215-->[:react-native-share] AndroidManifest.xml:13:13-37
216            android:grantUriPermissions="true" >
216-->[:react-native-share] AndroidManifest.xml:14:13-47
217            <meta-data
217-->[:react-native-webview] AndroidManifest.xml:17:13-19:63
218                android:name="android.support.FILE_PROVIDER_PATHS"
218-->[:react-native-webview] AndroidManifest.xml:18:17-67
219                android:resource="@xml/share_download_paths" />
219-->[:react-native-webview] AndroidManifest.xml:19:17-60
220        </provider>
221        <provider
221-->[:rn-fetch-blob] AndroidManifest.xml:36:9-44:20
222            android:name="com.RNFetchBlob.Utils.FileProvider"
222-->[:rn-fetch-blob] AndroidManifest.xml:37:13-62
223            android:authorities="com.vidupapp.provider"
223-->[:rn-fetch-blob] AndroidManifest.xml:38:13-60
224            android:exported="false"
224-->[:rn-fetch-blob] AndroidManifest.xml:39:13-37
225            android:grantUriPermissions="true" >
225-->[:rn-fetch-blob] AndroidManifest.xml:40:13-47
226            <meta-data
226-->[:react-native-webview] AndroidManifest.xml:17:13-19:63
227                android:name="android.support.FILE_PROVIDER_PATHS"
227-->[:react-native-webview] AndroidManifest.xml:18:17-67
228                android:resource="@xml/provider_paths" />
228-->[:react-native-webview] AndroidManifest.xml:19:17-60
229        </provider>
230
231        <activity android:name="com.facebook.CustomTabMainActivity" />
231-->[com.facebook.android:facebook-common:8.2.0] AndroidManifest.xml:34:9-71
231-->[com.facebook.android:facebook-common:8.2.0] AndroidManifest.xml:34:19-68
232
233        <meta-data
233-->[com.github.bumptech.glide:okhttp3-integration:4.12.0] AndroidManifest.xml:11:9-13:43
234            android:name="com.bumptech.glide.integration.okhttp3.OkHttpGlideModule"
234-->[com.github.bumptech.glide:okhttp3-integration:4.12.0] AndroidManifest.xml:12:13-84
235            android:value="GlideModule" />
235-->[com.github.bumptech.glide:okhttp3-integration:4.12.0] AndroidManifest.xml:13:13-40
236
237        <provider
237-->[androidx.work:work-runtime:2.5.0] AndroidManifest.xml:31:9-37:35
238            android:name="androidx.work.impl.WorkManagerInitializer"
238-->[androidx.work:work-runtime:2.5.0] AndroidManifest.xml:32:13-69
239            android:authorities="com.vidupapp.workmanager-init"
239-->[androidx.work:work-runtime:2.5.0] AndroidManifest.xml:33:13-68
240            android:directBootAware="false"
240-->[androidx.work:work-runtime:2.5.0] AndroidManifest.xml:34:13-44
241            android:exported="false"
241-->[androidx.work:work-runtime:2.5.0] AndroidManifest.xml:35:13-37
242            android:multiprocess="true" />
242-->[androidx.work:work-runtime:2.5.0] AndroidManifest.xml:36:13-40
243
244        <service
244-->[androidx.work:work-runtime:2.5.0] AndroidManifest.xml:39:9-44:35
245            android:name="androidx.work.impl.background.systemalarm.SystemAlarmService"
245-->[androidx.work:work-runtime:2.5.0] AndroidManifest.xml:40:13-88
246            android:directBootAware="false"
246-->[androidx.work:work-runtime:2.5.0] AndroidManifest.xml:41:13-44
247            android:enabled="@bool/enable_system_alarm_service_default"
247-->[androidx.work:work-runtime:2.5.0] AndroidManifest.xml:42:13-72
248            android:exported="false" />
248-->[androidx.work:work-runtime:2.5.0] AndroidManifest.xml:43:13-37
249        <service
249-->[androidx.work:work-runtime:2.5.0] AndroidManifest.xml:45:9-51:35
250            android:name="androidx.work.impl.background.systemjob.SystemJobService"
250-->[androidx.work:work-runtime:2.5.0] AndroidManifest.xml:46:13-84
251            android:directBootAware="false"
251-->[androidx.work:work-runtime:2.5.0] AndroidManifest.xml:47:13-44
252            android:enabled="@bool/enable_system_job_service_default"
252-->[androidx.work:work-runtime:2.5.0] AndroidManifest.xml:48:13-70
253            android:exported="true"
253-->[androidx.work:work-runtime:2.5.0] AndroidManifest.xml:49:13-36
254            android:permission="android.permission.BIND_JOB_SERVICE" />
254-->[androidx.work:work-runtime:2.5.0] AndroidManifest.xml:50:13-69
255        <service
255-->[androidx.work:work-runtime:2.5.0] AndroidManifest.xml:52:9-57:35
256            android:name="androidx.work.impl.foreground.SystemForegroundService"
256-->[androidx.work:work-runtime:2.5.0] AndroidManifest.xml:53:13-81
257            android:directBootAware="false"
257-->[androidx.work:work-runtime:2.5.0] AndroidManifest.xml:54:13-44
258            android:enabled="@bool/enable_system_foreground_service_default"
258-->[androidx.work:work-runtime:2.5.0] AndroidManifest.xml:55:13-77
259            android:exported="false" />
259-->[androidx.work:work-runtime:2.5.0] AndroidManifest.xml:56:13-37
260
261        <receiver
261-->[androidx.work:work-runtime:2.5.0] AndroidManifest.xml:59:9-64:35
262            android:name="androidx.work.impl.utils.ForceStopRunnable$BroadcastReceiver"
262-->[androidx.work:work-runtime:2.5.0] AndroidManifest.xml:60:13-88
263            android:directBootAware="false"
263-->[androidx.work:work-runtime:2.5.0] AndroidManifest.xml:61:13-44
264            android:enabled="true"
264-->[androidx.work:work-runtime:2.5.0] AndroidManifest.xml:62:13-35
265            android:exported="false" />
265-->[androidx.work:work-runtime:2.5.0] AndroidManifest.xml:63:13-37
266        <receiver
266-->[androidx.work:work-runtime:2.5.0] AndroidManifest.xml:65:9-75:20
267            android:name="androidx.work.impl.background.systemalarm.ConstraintProxy$BatteryChargingProxy"
267-->[androidx.work:work-runtime:2.5.0] AndroidManifest.xml:66:13-106
268            android:directBootAware="false"
268-->[androidx.work:work-runtime:2.5.0] AndroidManifest.xml:67:13-44
269            android:enabled="false"
269-->[androidx.work:work-runtime:2.5.0] AndroidManifest.xml:68:13-36
270            android:exported="false" >
270-->[androidx.work:work-runtime:2.5.0] AndroidManifest.xml:69:13-37
271            <intent-filter>
271-->[androidx.work:work-runtime:2.5.0] AndroidManifest.xml:71:13-74:29
272                <action android:name="android.intent.action.ACTION_POWER_CONNECTED" />
272-->[androidx.work:work-runtime:2.5.0] AndroidManifest.xml:72:17-87
272-->[androidx.work:work-runtime:2.5.0] AndroidManifest.xml:72:25-84
273                <action android:name="android.intent.action.ACTION_POWER_DISCONNECTED" />
273-->[androidx.work:work-runtime:2.5.0] AndroidManifest.xml:73:17-90
273-->[androidx.work:work-runtime:2.5.0] AndroidManifest.xml:73:25-87
274            </intent-filter>
275        </receiver>
276        <receiver
276-->[androidx.work:work-runtime:2.5.0] AndroidManifest.xml:76:9-86:20
277            android:name="androidx.work.impl.background.systemalarm.ConstraintProxy$BatteryNotLowProxy"
277-->[androidx.work:work-runtime:2.5.0] AndroidManifest.xml:77:13-104
278            android:directBootAware="false"
278-->[androidx.work:work-runtime:2.5.0] AndroidManifest.xml:78:13-44
279            android:enabled="false"
279-->[androidx.work:work-runtime:2.5.0] AndroidManifest.xml:79:13-36
280            android:exported="false" >
280-->[androidx.work:work-runtime:2.5.0] AndroidManifest.xml:80:13-37
281            <intent-filter>
281-->[androidx.work:work-runtime:2.5.0] AndroidManifest.xml:82:13-85:29
282                <action android:name="android.intent.action.BATTERY_OKAY" />
282-->[androidx.work:work-runtime:2.5.0] AndroidManifest.xml:83:17-77
282-->[androidx.work:work-runtime:2.5.0] AndroidManifest.xml:83:25-74
283                <action android:name="android.intent.action.BATTERY_LOW" />
283-->[androidx.work:work-runtime:2.5.0] AndroidManifest.xml:84:17-76
283-->[androidx.work:work-runtime:2.5.0] AndroidManifest.xml:84:25-73
284            </intent-filter>
285        </receiver>
286        <receiver
286-->[androidx.work:work-runtime:2.5.0] AndroidManifest.xml:87:9-97:20
287            android:name="androidx.work.impl.background.systemalarm.ConstraintProxy$StorageNotLowProxy"
287-->[androidx.work:work-runtime:2.5.0] AndroidManifest.xml:88:13-104
288            android:directBootAware="false"
288-->[androidx.work:work-runtime:2.5.0] AndroidManifest.xml:89:13-44